<?xml version="1.0" encoding="UTF-8"?>
<testng-results skipped="0" failed="0" total="1" passed="1">
  <reporter-output>
  </reporter-output>
  <suite name="Default suite" duration-ms="5574" started-at="2016-11-25T14:18:22Z" finished-at="2016-11-25T14:18:27Z">
    <groups>
    </groups>
    <test name="Default test" duration-ms="5574" started-at="2016-11-25T14:18:22Z" finished-at="2016-11-25T14:18:27Z">
      <class name="test.TestDrugi">
        <test-method status="PASS" signature="setUp()[pri:0, instance:test.TestDrugi@573f2bb1]" name="setUp" is-config="true" duration-ms="3232" started-at="2016-11-25T15:18:22Z" finished-at="2016-11-25T15:18:25Z">
          <reporter-output>
          </reporter-output>
        </test-method> <!-- setUp -->
        <test-method status="PASS" signature="test()[pri:0, instance:test.TestDrugi@573f2bb1]" name="test" duration-ms="2320" started-at="2016-11-25T15:18:25Z" finished-at="2016-11-25T15:18:27Z">
          <reporter-output>
          </reporter-output>
        </test-method> <!-- test -->
        <test-method status="PASS" signature="afterClass()[pri:0, instance:test.TestDrugi@573f2bb1]" name="afterClass" is-config="true" duration-ms="0" started-at="2016-11-25T15:18:27Z" finished-at="2016-11-25T15:18:27Z">
          <reporter-output>
          </reporter-output>
        </test-method> <!-- afterClass -->
      </class> <!-- test.TestDrugi -->
    </test> <!-- Default test -->
  </suite> <!-- Default suite -->
</testng-results>
